<?xml version="1.0" encoding="UTF-8"?>
<!-- Generated by org.testng.reporters.JUnitXMLReporter -->
<testsuite ignored="0" hostname="DESKTOP-MMT25CU" failures="0" tests="2" name="Error Validation Test" time="23.459" errors="0" timestamp="15 Nov 2022 11:16:22 GMT">
  <testcase classname="rahulshettyacademy.tests.ErrorValidationsTest" name="LoginErrorValidation" time="0.607"/>
  <testcase classname="rahulshettyacademy.tests.ErrorValidationsTest" name="ProductErrorValidation" time="2.274"/>
</testsuite> <!-- Error Validation Test -->
