<?xml version="1.0" encoding="UTF-8"?>
<!-- Generated by org.testng.reporters.JUnitXMLReporter -->
<testsuite ignored="0" hostname="DESKTOP-MMT25CU" failures="0" tests="3" name="Stand Alone Test" time="33.185" errors="0" timestamp="15 Nov 2022 11:16:32 GMT">
  <testcase classname="rahulshettyacademy.tests.StandAloneTest" name="SubmitOrder" time="3.837"/>
  <testcase classname="rahulshettyacademy.tests.StandAloneTest" name="SubmitOrder" time="3.433"/>
  <testcase classname="rahulshettyacademy.tests.StandAloneTest" name="OrderHistoryTest" time="0.83"/>
</testsuite> <!-- Stand Alone Test -->
